[2024-03-23T01:26:57.989+0000] {taskinstance.py:1090} INFO - Dependencies all met for dep_context=non-requeueable deps ti=<TaskInstance: parallel_dag.task_5 scheduled__2023-05-08T00:00:00+00:00 [queued]>
[2024-03-23T01:26:58.066+0000] {taskinstance.py:1090} INFO - Dependencies all met for dep_context=requeueable deps ti=<TaskInstance: parallel_dag.task_5 scheduled__2023-05-08T00:00:00+00:00 [queued]>
[2024-03-23T01:26:58.072+0000] {taskinstance.py:1288} INFO - 
--------------------------------------------------------------------------------
[2024-03-23T01:26:58.080+0000] {taskinstance.py:1289} INFO - Starting attempt 1 of 1
[2024-03-23T01:26:58.083+0000] {taskinstance.py:1290} INFO - 
--------------------------------------------------------------------------------
[2024-03-23T01:26:58.291+0000] {taskinstance.py:1309} INFO - Executing <Task(_PythonDecoratedOperator): task_5> on 2023-05-08 00:00:00+00:00
[2024-03-23T01:26:58.340+0000] {standard_task_runner.py:55} INFO - Started process 26 to run task
[2024-03-23T01:26:58.364+0000] {standard_task_runner.py:82} INFO - Running: ['airflow', 'tasks', 'run', 'parallel_dag', 'task_5', 'scheduled__2023-05-08T00:00:00+00:00', '--job-id', '28', '--raw', '--subdir', 'DAGS_FOLDER/simple.py', '--cfg-path', '/tmp/tmpmi1762_2']
[2024-03-23T01:26:58.374+0000] {standard_task_runner.py:83} INFO - Job 28: Subtask task_5
[2024-03-23T01:26:58.995+0000] {task_command.py:389} INFO - Running <TaskInstance: parallel_dag.task_5 scheduled__2023-05-08T00:00:00+00:00 [running]> on host parallel-dag-task-5-2c0dd7b0a451496ebdd3e4c0ff5545d5
[2024-03-23T01:26:59.268+0000] {pod_generator.py:424} WARNING - Model file /opt/airflow/pod_templates/pod_template_file.yaml does not exist
[2024-03-23T01:26:59.392+0000] {taskinstance.py:1518} INFO - Exporting the following env vars:
AIRFLOW_CTX_DAG_OWNER=airflow
AIRFLOW_CTX_DAG_ID=parallel_dag
AIRFLOW_CTX_TASK_ID=task_5
AIRFLOW_CTX_EXECUTION_DATE=2023-05-08T00:00:00+00:00
AIRFLOW_CTX_TRY_NUMBER=1
AIRFLOW_CTX_DAG_RUN_ID=scheduled__2023-05-08T00:00:00+00:00
[2024-03-23T01:26:59.395+0000] {logging_mixin.py:137} INFO - done
[2024-03-23T01:26:59.396+0000] {python.py:177} INFO - Done. Returned value was: None
[2024-03-23T01:26:59.411+0000] {taskinstance.py:1332} INFO - Marking task as SUCCESS. dag_id=parallel_dag, task_id=task_5, execution_date=20230508T000000, start_date=20240323T012658, end_date=20240323T012659
[2024-03-23T01:26:59.498+0000] {local_task_job.py:212} INFO - Task exited with return code 0
[2024-03-23T01:26:59.592+0000] {taskinstance.py:2596} INFO - 0 downstream tasks scheduled from follow-on schedule check
