[2024-03-23T01:25:19.502+0000] {taskinstance.py:1090} INFO - Dependencies all met for dep_context=non-requeueable deps ti=<TaskInstance: parallel_dag.task_3 scheduled__2023-05-08T00:00:00+00:00 [queued]>
[2024-03-23T01:25:19.607+0000] {taskinstance.py:1090} INFO - Dependencies all met for dep_context=requeueable deps ti=<TaskInstance: parallel_dag.task_3 scheduled__2023-05-08T00:00:00+00:00 [queued]>
[2024-03-23T01:25:19.609+0000] {taskinstance.py:1288} INFO - 
--------------------------------------------------------------------------------
[2024-03-23T01:25:19.611+0000] {taskinstance.py:1289} INFO - Starting attempt 1 of 1
[2024-03-23T01:25:19.612+0000] {taskinstance.py:1290} INFO - 
--------------------------------------------------------------------------------
[2024-03-23T01:25:20.029+0000] {taskinstance.py:1309} INFO - Executing <Task(BashOperator): task_3> on 2023-05-08 00:00:00+00:00
[2024-03-23T01:25:20.172+0000] {standard_task_runner.py:55} INFO - Started process 25 to run task
[2024-03-23T01:25:20.229+0000] {standard_task_runner.py:82} INFO - Running: ['airflow', 'tasks', 'run', 'parallel_dag', 'task_3', 'scheduled__2023-05-08T00:00:00+00:00', '--job-id', '24', '--raw', '--subdir', 'DAGS_FOLDER/simple.py', '--cfg-path', '/tmp/tmp9m4m7fp9']
[2024-03-23T01:25:20.275+0000] {standard_task_runner.py:83} INFO - Job 24: Subtask task_3
[2024-03-23T01:25:21.151+0000] {task_command.py:389} INFO - Running <TaskInstance: parallel_dag.task_3 scheduled__2023-05-08T00:00:00+00:00 [running]> on host parallel-dag-task-3-b3192a2de1d74d8d8caa2a305319d2a4
[2024-03-23T01:25:28.435+0000] {pod_generator.py:424} WARNING - Model file /opt/airflow/pod_templates/pod_template_file.yaml does not exist
[2024-03-23T01:25:29.435+0000] {taskinstance.py:1518} INFO - Exporting the following env vars:
AIRFLOW_CTX_DAG_OWNER=airflow
AIRFLOW_CTX_DAG_ID=parallel_dag
AIRFLOW_CTX_TASK_ID=task_3
AIRFLOW_CTX_EXECUTION_DATE=2023-05-08T00:00:00+00:00
AIRFLOW_CTX_TRY_NUMBER=1
AIRFLOW_CTX_DAG_RUN_ID=scheduled__2023-05-08T00:00:00+00:00
[2024-03-23T01:25:29.612+0000] {subprocess.py:63} INFO - Tmp dir root location: 
 /tmp
[2024-03-23T01:25:29.624+0000] {subprocess.py:75} INFO - Running command: ['/bin/bash', '-c', 'sleep 60']
[2024-03-23T01:25:29.790+0000] {subprocess.py:86} INFO - Output:
[2024-03-23T01:26:30.036+0000] {subprocess.py:97} INFO - Command exited with return code 0
[2024-03-23T01:26:30.113+0000] {taskinstance.py:1332} INFO - Marking task as SUCCESS. dag_id=parallel_dag, task_id=task_3, execution_date=20230508T000000, start_date=20240323T012519, end_date=20240323T012630
[2024-03-23T01:26:30.211+0000] {local_task_job.py:212} INFO - Task exited with return code 0
[2024-03-23T01:26:30.274+0000] {taskinstance.py:2596} INFO - 1 downstream tasks scheduled from follow-on schedule check
