[2024-03-23T01:25:19.821+0000] {taskinstance.py:1090} INFO - Dependencies all met for dep_context=non-requeueable deps ti=<TaskInstance: parallel_dag.task_3 scheduled__2024-03-22T00:00:00+00:00 [queued]>
[2024-03-23T01:25:20.031+0000] {taskinstance.py:1090} INFO - Dependencies all met for dep_context=requeueable deps ti=<TaskInstance: parallel_dag.task_3 scheduled__2024-03-22T00:00:00+00:00 [queued]>
[2024-03-23T01:25:20.032+0000] {taskinstance.py:1288} INFO - 
--------------------------------------------------------------------------------
[2024-03-23T01:25:20.033+0000] {taskinstance.py:1289} INFO - Starting attempt 1 of 1
[2024-03-23T01:25:20.037+0000] {taskinstance.py:1290} INFO - 
--------------------------------------------------------------------------------
[2024-03-23T01:25:20.149+0000] {taskinstance.py:1309} INFO - Executing <Task(BashOperator): task_3> on 2024-03-22 00:00:00+00:00
[2024-03-23T01:25:20.267+0000] {standard_task_runner.py:55} INFO - Started process 25 to run task
[2024-03-23T01:25:20.334+0000] {standard_task_runner.py:82} INFO - Running: ['airflow', 'tasks', 'run', 'parallel_dag', 'task_3', 'scheduled__2024-03-22T00:00:00+00:00', '--job-id', '23', '--raw', '--subdir', 'DAGS_FOLDER/simple.py', '--cfg-path', '/tmp/tmp9szr_qy_']
[2024-03-23T01:25:20.383+0000] {standard_task_runner.py:83} INFO - Job 23: Subtask task_3
[2024-03-23T01:25:24.552+0000] {task_command.py:389} INFO - Running <TaskInstance: parallel_dag.task_3 scheduled__2024-03-22T00:00:00+00:00 [running]> on host parallel-dag-task-3-1e2e357cf323402db94090e628d0d6db
[2024-03-23T01:25:29.756+0000] {pod_generator.py:424} WARNING - Model file /opt/airflow/pod_templates/pod_template_file.yaml does not exist
[2024-03-23T01:25:30.036+0000] {taskinstance.py:1518} INFO - Exporting the following env vars:
AIRFLOW_CTX_DAG_OWNER=airflow
AIRFLOW_CTX_DAG_ID=parallel_dag
AIRFLOW_CTX_TASK_ID=task_3
AIRFLOW_CTX_EXECUTION_DATE=2024-03-22T00:00:00+00:00
AIRFLOW_CTX_TRY_NUMBER=1
AIRFLOW_CTX_DAG_RUN_ID=scheduled__2024-03-22T00:00:00+00:00
[2024-03-23T01:25:30.043+0000] {subprocess.py:63} INFO - Tmp dir root location: 
 /tmp
[2024-03-23T01:25:30.045+0000] {subprocess.py:75} INFO - Running command: ['/bin/bash', '-c', 'sleep 60']
[2024-03-23T01:25:30.097+0000] {subprocess.py:86} INFO - Output:
[2024-03-23T01:26:30.100+0000] {subprocess.py:97} INFO - Command exited with return code 0
[2024-03-23T01:26:30.175+0000] {taskinstance.py:1332} INFO - Marking task as SUCCESS. dag_id=parallel_dag, task_id=task_3, execution_date=20240322T000000, start_date=20240323T012519, end_date=20240323T012630
[2024-03-23T01:26:30.247+0000] {local_task_job.py:212} INFO - Task exited with return code 0
[2024-03-23T01:26:30.333+0000] {taskinstance.py:2596} INFO - 0 downstream tasks scheduled from follow-on schedule check
