[2024-03-23T01:25:19.664+0000] {taskinstance.py:1090} INFO - Dependencies all met for dep_context=non-requeueable deps ti=<TaskInstance: parallel_dag.task_2 scheduled__2024-03-22T00:00:00+00:00 [queued]>
[2024-03-23T01:25:19.901+0000] {taskinstance.py:1090} INFO - Dependencies all met for dep_context=requeueable deps ti=<TaskInstance: parallel_dag.task_2 scheduled__2024-03-22T00:00:00+00:00 [queued]>
[2024-03-23T01:25:19.921+0000] {taskinstance.py:1288} INFO - 
--------------------------------------------------------------------------------
[2024-03-23T01:25:19.923+0000] {taskinstance.py:1289} INFO - Starting attempt 1 of 1
[2024-03-23T01:25:19.926+0000] {taskinstance.py:1290} INFO - 
--------------------------------------------------------------------------------
[2024-03-23T01:25:20.086+0000] {taskinstance.py:1309} INFO - Executing <Task(BashOperator): task_2> on 2024-03-22 00:00:00+00:00
[2024-03-23T01:25:20.120+0000] {standard_task_runner.py:55} INFO - Started process 25 to run task
[2024-03-23T01:25:20.176+0000] {standard_task_runner.py:82} INFO - Running: ['airflow', 'tasks', 'run', 'parallel_dag', 'task_2', 'scheduled__2024-03-22T00:00:00+00:00', '--job-id', '25', '--raw', '--subdir', 'DAGS_FOLDER/simple.py', '--cfg-path', '/tmp/tmpitu7c8dn']
[2024-03-23T01:25:20.181+0000] {standard_task_runner.py:83} INFO - Job 25: Subtask task_2
[2024-03-23T01:25:24.899+0000] {task_command.py:389} INFO - Running <TaskInstance: parallel_dag.task_2 scheduled__2024-03-22T00:00:00+00:00 [running]> on host parallel-dag-task-2-782e2aac05e54c4da4c81156e27a937a
[2024-03-23T01:25:29.498+0000] {pod_generator.py:424} WARNING - Model file /opt/airflow/pod_templates/pod_template_file.yaml does not exist
[2024-03-23T01:25:30.026+0000] {taskinstance.py:1518} INFO - Exporting the following env vars:
AIRFLOW_CTX_DAG_OWNER=airflow
AIRFLOW_CTX_DAG_ID=parallel_dag
AIRFLOW_CTX_TASK_ID=task_2
AIRFLOW_CTX_EXECUTION_DATE=2024-03-22T00:00:00+00:00
AIRFLOW_CTX_TRY_NUMBER=1
AIRFLOW_CTX_DAG_RUN_ID=scheduled__2024-03-22T00:00:00+00:00
[2024-03-23T01:25:30.040+0000] {subprocess.py:63} INFO - Tmp dir root location: 
 /tmp
[2024-03-23T01:25:30.043+0000] {subprocess.py:75} INFO - Running command: ['/bin/bash', '-c', 'sleep 60']
[2024-03-23T01:25:30.078+0000] {subprocess.py:86} INFO - Output:
[2024-03-23T01:26:30.078+0000] {subprocess.py:97} INFO - Command exited with return code 0
[2024-03-23T01:26:30.160+0000] {taskinstance.py:1332} INFO - Marking task as SUCCESS. dag_id=parallel_dag, task_id=task_2, execution_date=20240322T000000, start_date=20240323T012519, end_date=20240323T012630
[2024-03-23T01:26:30.215+0000] {local_task_job.py:212} INFO - Task exited with return code 0
[2024-03-23T01:26:30.294+0000] {taskinstance.py:2596} INFO - 0 downstream tasks scheduled from follow-on schedule check
