[2024-03-23T01:24:21.751+0000] {taskinstance.py:1090} INFO - Dependencies all met for dep_context=non-requeueable deps ti=<TaskInstance: parallel_dag.task_1 scheduled__2023-05-08T00:00:00+00:00 [queued]>
[2024-03-23T01:24:21.843+0000] {taskinstance.py:1090} INFO - Dependencies all met for dep_context=requeueable deps ti=<TaskInstance: parallel_dag.task_1 scheduled__2023-05-08T00:00:00+00:00 [queued]>
[2024-03-23T01:24:21.846+0000] {taskinstance.py:1288} INFO - 
--------------------------------------------------------------------------------
[2024-03-23T01:24:21.848+0000] {taskinstance.py:1289} INFO - Starting attempt 1 of 1
[2024-03-23T01:24:21.853+0000] {taskinstance.py:1290} INFO - 
--------------------------------------------------------------------------------
[2024-03-23T01:24:21.907+0000] {taskinstance.py:1309} INFO - Executing <Task(BashOperator): task_1> on 2023-05-08 00:00:00+00:00
[2024-03-23T01:24:22.022+0000] {standard_task_runner.py:55} INFO - Started process 26 to run task
[2024-03-23T01:24:22.086+0000] {standard_task_runner.py:82} INFO - Running: ['airflow', 'tasks', 'run', 'parallel_dag', 'task_1', 'scheduled__2023-05-08T00:00:00+00:00', '--job-id', '20', '--raw', '--subdir', 'DAGS_FOLDER/simple.py', '--cfg-path', '/tmp/tmpopt69fxl']
[2024-03-23T01:24:22.131+0000] {standard_task_runner.py:83} INFO - Job 20: Subtask task_1
[2024-03-23T01:24:23.081+0000] {task_command.py:389} INFO - Running <TaskInstance: parallel_dag.task_1 scheduled__2023-05-08T00:00:00+00:00 [running]> on host parallel-dag-task-1-1e87005f62054f84b854dd7c3e20d17c
[2024-03-23T01:24:23.387+0000] {pod_generator.py:424} WARNING - Model file /opt/airflow/pod_templates/pod_template_file.yaml does not exist
[2024-03-23T01:24:23.593+0000] {taskinstance.py:1518} INFO - Exporting the following env vars:
AIRFLOW_CTX_DAG_OWNER=airflow
AIRFLOW_CTX_DAG_ID=parallel_dag
AIRFLOW_CTX_TASK_ID=task_1
AIRFLOW_CTX_EXECUTION_DATE=2023-05-08T00:00:00+00:00
AIRFLOW_CTX_TRY_NUMBER=1
AIRFLOW_CTX_DAG_RUN_ID=scheduled__2023-05-08T00:00:00+00:00
[2024-03-23T01:24:23.633+0000] {subprocess.py:63} INFO - Tmp dir root location: 
 /tmp
[2024-03-23T01:24:23.635+0000] {subprocess.py:75} INFO - Running command: ['/bin/bash', '-c', 'sleep 60']
[2024-03-23T01:24:23.698+0000] {subprocess.py:86} INFO - Output:
[2024-03-23T01:25:24.194+0000] {subprocess.py:97} INFO - Command exited with return code 0
[2024-03-23T01:25:27.333+0000] {taskinstance.py:1332} INFO - Marking task as SUCCESS. dag_id=parallel_dag, task_id=task_1, execution_date=20230508T000000, start_date=20240323T012421, end_date=20240323T012527
[2024-03-23T01:25:27.892+0000] {local_task_job.py:212} INFO - Task exited with return code 0
[2024-03-23T01:25:29.661+0000] {taskinstance.py:2596} INFO - 0 downstream tasks scheduled from follow-on schedule check
