[2024-03-23T01:24:31.868+0000] {taskinstance.py:1090} INFO - Dependencies all met for dep_context=non-requeueable deps ti=<TaskInstance: parallel_dag.task_4 scheduled__2023-05-08T00:00:00+00:00 [queued]>
[2024-03-23T01:24:32.032+0000] {taskinstance.py:1090} INFO - Dependencies all met for dep_context=requeueable deps ti=<TaskInstance: parallel_dag.task_4 scheduled__2023-05-08T00:00:00+00:00 [queued]>
[2024-03-23T01:24:32.043+0000] {taskinstance.py:1288} INFO - 
--------------------------------------------------------------------------------
[2024-03-23T01:24:32.044+0000] {taskinstance.py:1289} INFO - Starting attempt 1 of 1
[2024-03-23T01:24:32.045+0000] {taskinstance.py:1290} INFO - 
--------------------------------------------------------------------------------
[2024-03-23T01:24:32.257+0000] {taskinstance.py:1309} INFO - Executing <Task(_PythonDecoratedOperator): task_4> on 2023-05-08 00:00:00+00:00
[2024-03-23T01:24:32.405+0000] {standard_task_runner.py:55} INFO - Started process 26 to run task
[2024-03-23T01:24:32.440+0000] {standard_task_runner.py:82} INFO - Running: ['airflow', 'tasks', 'run', 'parallel_dag', 'task_4', 'scheduled__2023-05-08T00:00:00+00:00', '--job-id', '22', '--raw', '--subdir', 'DAGS_FOLDER/simple.py', '--cfg-path', '/tmp/tmp8pfsi94g']
[2024-03-23T01:24:32.446+0000] {standard_task_runner.py:83} INFO - Job 22: Subtask task_4
[2024-03-23T01:24:33.384+0000] {task_command.py:389} INFO - Running <TaskInstance: parallel_dag.task_4 scheduled__2023-05-08T00:00:00+00:00 [running]> on host parallel-dag-task-4-cec5c10f733f49b5b2806b5230d4fca2
[2024-03-23T01:24:35.493+0000] {pod_generator.py:424} WARNING - Model file /opt/airflow/pod_templates/pod_template_file.yaml does not exist
[2024-03-23T01:24:36.699+0000] {taskinstance.py:1518} INFO - Exporting the following env vars:
AIRFLOW_CTX_DAG_OWNER=airflow
AIRFLOW_CTX_DAG_ID=parallel_dag
AIRFLOW_CTX_TASK_ID=task_4
AIRFLOW_CTX_EXECUTION_DATE=2023-05-08T00:00:00+00:00
AIRFLOW_CTX_TRY_NUMBER=1
AIRFLOW_CTX_DAG_RUN_ID=scheduled__2023-05-08T00:00:00+00:00
[2024-03-23T01:24:36.863+0000] {logging_mixin.py:137} INFO - 42
[2024-03-23T01:24:36.870+0000] {python.py:177} INFO - Done. Returned value was: done
[2024-03-23T01:24:37.945+0000] {taskinstance.py:1332} INFO - Marking task as SUCCESS. dag_id=parallel_dag, task_id=task_4, execution_date=20230508T000000, start_date=20240323T012431, end_date=20240323T012437
[2024-03-23T01:24:39.424+0000] {local_task_job.py:212} INFO - Task exited with return code 0
[2024-03-23T01:24:39.524+0000] {taskinstance.py:2596} INFO - 0 downstream tasks scheduled from follow-on schedule check
