[2024-03-23T01:25:20.762+0000] {taskinstance.py:1090} INFO - Dependencies all met for dep_context=non-requeueable deps ti=<TaskInstance: parallel_dag.task_1 scheduled__2024-03-22T00:00:00+00:00 [queued]>
[2024-03-23T01:25:20.877+0000] {taskinstance.py:1090} INFO - Dependencies all met for dep_context=requeueable deps ti=<TaskInstance: parallel_dag.task_1 scheduled__2024-03-22T00:00:00+00:00 [queued]>
[2024-03-23T01:25:20.879+0000] {taskinstance.py:1288} INFO - 
--------------------------------------------------------------------------------
[2024-03-23T01:25:20.881+0000] {taskinstance.py:1289} INFO - Starting attempt 1 of 1
[2024-03-23T01:25:20.882+0000] {taskinstance.py:1290} INFO - 
--------------------------------------------------------------------------------
[2024-03-23T01:25:21.759+0000] {taskinstance.py:1309} INFO - Executing <Task(BashOperator): task_1> on 2024-03-22 00:00:00+00:00
[2024-03-23T01:25:22.317+0000] {standard_task_runner.py:55} INFO - Started process 26 to run task
[2024-03-23T01:25:23.962+0000] {standard_task_runner.py:82} INFO - Running: ['airflow', 'tasks', 'run', 'parallel_dag', 'task_1', 'scheduled__2024-03-22T00:00:00+00:00', '--job-id', '27', '--raw', '--subdir', 'DAGS_FOLDER/simple.py', '--cfg-path', '/tmp/tmpl0e3q76j']
[2024-03-23T01:25:24.243+0000] {standard_task_runner.py:83} INFO - Job 27: Subtask task_1
[2024-03-23T01:25:27.593+0000] {task_command.py:389} INFO - Running <TaskInstance: parallel_dag.task_1 scheduled__2024-03-22T00:00:00+00:00 [running]> on host parallel-dag-task-1-312e685512814b82933f83538a584f36
[2024-03-23T01:25:30.162+0000] {pod_generator.py:424} WARNING - Model file /opt/airflow/pod_templates/pod_template_file.yaml does not exist
[2024-03-23T01:25:30.227+0000] {taskinstance.py:1518} INFO - Exporting the following env vars:
AIRFLOW_CTX_DAG_OWNER=airflow
AIRFLOW_CTX_DAG_ID=parallel_dag
AIRFLOW_CTX_TASK_ID=task_1
AIRFLOW_CTX_EXECUTION_DATE=2024-03-22T00:00:00+00:00
AIRFLOW_CTX_TRY_NUMBER=1
AIRFLOW_CTX_DAG_RUN_ID=scheduled__2024-03-22T00:00:00+00:00
[2024-03-23T01:25:30.232+0000] {subprocess.py:63} INFO - Tmp dir root location: 
 /tmp
[2024-03-23T01:25:30.234+0000] {subprocess.py:75} INFO - Running command: ['/bin/bash', '-c', 'sleep 60']
[2024-03-23T01:25:30.248+0000] {subprocess.py:86} INFO - Output:
[2024-03-23T01:26:30.249+0000] {subprocess.py:97} INFO - Command exited with return code 0
[2024-03-23T01:26:30.373+0000] {taskinstance.py:1332} INFO - Marking task as SUCCESS. dag_id=parallel_dag, task_id=task_1, execution_date=20240322T000000, start_date=20240323T012520, end_date=20240323T012630
[2024-03-23T01:26:30.502+0000] {local_task_job.py:212} INFO - Task exited with return code 0
[2024-03-23T01:26:30.590+0000] {taskinstance.py:2596} INFO - 1 downstream tasks scheduled from follow-on schedule check
