[2024-03-23T01:26:57.877+0000] {taskinstance.py:1090} INFO - Dependencies all met for dep_context=non-requeueable deps ti=<TaskInstance: parallel_dag.task_5 scheduled__2024-03-22T00:00:00+00:00 [queued]>
[2024-03-23T01:26:57.967+0000] {taskinstance.py:1090} INFO - Dependencies all met for dep_context=requeueable deps ti=<TaskInstance: parallel_dag.task_5 scheduled__2024-03-22T00:00:00+00:00 [queued]>
[2024-03-23T01:26:57.975+0000] {taskinstance.py:1288} INFO - 
--------------------------------------------------------------------------------
[2024-03-23T01:26:57.987+0000] {taskinstance.py:1289} INFO - Starting attempt 1 of 1
[2024-03-23T01:26:57.992+0000] {taskinstance.py:1290} INFO - 
--------------------------------------------------------------------------------
[2024-03-23T01:26:58.127+0000] {taskinstance.py:1309} INFO - Executing <Task(_PythonDecoratedOperator): task_5> on 2024-03-22 00:00:00+00:00
[2024-03-23T01:26:58.329+0000] {standard_task_runner.py:55} INFO - Started process 26 to run task
[2024-03-23T01:26:58.382+0000] {standard_task_runner.py:82} INFO - Running: ['airflow', 'tasks', 'run', 'parallel_dag', 'task_5', 'scheduled__2024-03-22T00:00:00+00:00', '--job-id', '29', '--raw', '--subdir', 'DAGS_FOLDER/simple.py', '--cfg-path', '/tmp/tmp8qqoq70s']
[2024-03-23T01:26:58.408+0000] {standard_task_runner.py:83} INFO - Job 29: Subtask task_5
[2024-03-23T01:26:58.995+0000] {task_command.py:389} INFO - Running <TaskInstance: parallel_dag.task_5 scheduled__2024-03-22T00:00:00+00:00 [running]> on host parallel-dag-task-5-4654081151064a518d830dd6c5c3736c
[2024-03-23T01:26:59.238+0000] {pod_generator.py:424} WARNING - Model file /opt/airflow/pod_templates/pod_template_file.yaml does not exist
[2024-03-23T01:26:59.387+0000] {taskinstance.py:1518} INFO - Exporting the following env vars:
AIRFLOW_CTX_DAG_OWNER=airflow
AIRFLOW_CTX_DAG_ID=parallel_dag
AIRFLOW_CTX_TASK_ID=task_5
AIRFLOW_CTX_EXECUTION_DATE=2024-03-22T00:00:00+00:00
AIRFLOW_CTX_TRY_NUMBER=1
AIRFLOW_CTX_DAG_RUN_ID=scheduled__2024-03-22T00:00:00+00:00
[2024-03-23T01:26:59.394+0000] {logging_mixin.py:137} INFO - done
[2024-03-23T01:26:59.395+0000] {python.py:177} INFO - Done. Returned value was: None
[2024-03-23T01:26:59.418+0000] {taskinstance.py:1332} INFO - Marking task as SUCCESS. dag_id=parallel_dag, task_id=task_5, execution_date=20240322T000000, start_date=20240323T012657, end_date=20240323T012659
[2024-03-23T01:26:59.473+0000] {local_task_job.py:212} INFO - Task exited with return code 0
[2024-03-23T01:26:59.550+0000] {taskinstance.py:2596} INFO - 0 downstream tasks scheduled from follow-on schedule check
