[2024-03-23T01:24:31.546+0000] {taskinstance.py:1090} INFO - Dependencies all met for dep_context=non-requeueable deps ti=<TaskInstance: parallel_dag.task_2 scheduled__2023-05-08T00:00:00+00:00 [queued]>
[2024-03-23T01:24:31.628+0000] {taskinstance.py:1090} INFO - Dependencies all met for dep_context=requeueable deps ti=<TaskInstance: parallel_dag.task_2 scheduled__2023-05-08T00:00:00+00:00 [queued]>
[2024-03-23T01:24:31.629+0000] {taskinstance.py:1288} INFO - 
--------------------------------------------------------------------------------
[2024-03-23T01:24:31.630+0000] {taskinstance.py:1289} INFO - Starting attempt 1 of 1
[2024-03-23T01:24:31.631+0000] {taskinstance.py:1290} INFO - 
--------------------------------------------------------------------------------
[2024-03-23T01:24:31.796+0000] {taskinstance.py:1309} INFO - Executing <Task(BashOperator): task_2> on 2023-05-08 00:00:00+00:00
[2024-03-23T01:24:31.920+0000] {standard_task_runner.py:55} INFO - Started process 26 to run task
[2024-03-23T01:24:31.962+0000] {standard_task_runner.py:82} INFO - Running: ['airflow', 'tasks', 'run', 'parallel_dag', 'task_2', 'scheduled__2023-05-08T00:00:00+00:00', '--job-id', '21', '--raw', '--subdir', 'DAGS_FOLDER/simple.py', '--cfg-path', '/tmp/tmp74giu40a']
[2024-03-23T01:24:31.979+0000] {standard_task_runner.py:83} INFO - Job 21: Subtask task_2
[2024-03-23T01:24:32.673+0000] {task_command.py:389} INFO - Running <TaskInstance: parallel_dag.task_2 scheduled__2023-05-08T00:00:00+00:00 [running]> on host parallel-dag-task-2-b0c9e6130fd249e3bdc8736849faffd2
[2024-03-23T01:24:33.415+0000] {pod_generator.py:424} WARNING - Model file /opt/airflow/pod_templates/pod_template_file.yaml does not exist
[2024-03-23T01:24:36.060+0000] {taskinstance.py:1518} INFO - Exporting the following env vars:
AIRFLOW_CTX_DAG_OWNER=airflow
AIRFLOW_CTX_DAG_ID=parallel_dag
AIRFLOW_CTX_TASK_ID=task_2
AIRFLOW_CTX_EXECUTION_DATE=2023-05-08T00:00:00+00:00
AIRFLOW_CTX_TRY_NUMBER=1
AIRFLOW_CTX_DAG_RUN_ID=scheduled__2023-05-08T00:00:00+00:00
[2024-03-23T01:24:36.104+0000] {subprocess.py:63} INFO - Tmp dir root location: 
 /tmp
[2024-03-23T01:24:36.115+0000] {subprocess.py:75} INFO - Running command: ['/bin/bash', '-c', 'sleep 60']
[2024-03-23T01:24:36.341+0000] {subprocess.py:86} INFO - Output:
[2024-03-23T01:25:36.522+0000] {subprocess.py:97} INFO - Command exited with return code 0
[2024-03-23T01:25:36.693+0000] {taskinstance.py:1332} INFO - Marking task as SUCCESS. dag_id=parallel_dag, task_id=task_2, execution_date=20230508T000000, start_date=20240323T012431, end_date=20240323T012536
[2024-03-23T01:25:36.807+0000] {local_task_job.py:212} INFO - Task exited with return code 0
[2024-03-23T01:25:36.885+0000] {taskinstance.py:2596} INFO - 0 downstream tasks scheduled from follow-on schedule check
