[2024-03-23T01:25:20.235+0000] {taskinstance.py:1090} INFO - Dependencies all met for dep_context=non-requeueable deps ti=<TaskInstance: parallel_dag.task_4 scheduled__2024-03-22T00:00:00+00:00 [queued]>
[2024-03-23T01:25:20.312+0000] {taskinstance.py:1090} INFO - Dependencies all met for dep_context=requeueable deps ti=<TaskInstance: parallel_dag.task_4 scheduled__2024-03-22T00:00:00+00:00 [queued]>
[2024-03-23T01:25:20.313+0000] {taskinstance.py:1288} INFO - 
--------------------------------------------------------------------------------
[2024-03-23T01:25:20.314+0000] {taskinstance.py:1289} INFO - Starting attempt 1 of 1
[2024-03-23T01:25:20.315+0000] {taskinstance.py:1290} INFO - 
--------------------------------------------------------------------------------
[2024-03-23T01:25:20.345+0000] {taskinstance.py:1309} INFO - Executing <Task(_PythonDecoratedOperator): task_4> on 2024-03-22 00:00:00+00:00
[2024-03-23T01:25:20.464+0000] {standard_task_runner.py:55} INFO - Started process 26 to run task
[2024-03-23T01:25:20.508+0000] {standard_task_runner.py:82} INFO - Running: ['airflow', 'tasks', 'run', 'parallel_dag', 'task_4', 'scheduled__2024-03-22T00:00:00+00:00', '--job-id', '26', '--raw', '--subdir', 'DAGS_FOLDER/simple.py', '--cfg-path', '/tmp/tmp40snvreh']
[2024-03-23T01:25:20.523+0000] {standard_task_runner.py:83} INFO - Job 26: Subtask task_4
[2024-03-23T01:25:21.843+0000] {task_command.py:389} INFO - Running <TaskInstance: parallel_dag.task_4 scheduled__2024-03-22T00:00:00+00:00 [running]> on host parallel-dag-task-4-562ef492c9c54745ac96c03cde3f8529
[2024-03-23T01:25:25.246+0000] {pod_generator.py:424} WARNING - Model file /opt/airflow/pod_templates/pod_template_file.yaml does not exist
[2024-03-23T01:25:29.271+0000] {taskinstance.py:1518} INFO - Exporting the following env vars:
AIRFLOW_CTX_DAG_OWNER=airflow
AIRFLOW_CTX_DAG_ID=parallel_dag
AIRFLOW_CTX_TASK_ID=task_4
AIRFLOW_CTX_EXECUTION_DATE=2024-03-22T00:00:00+00:00
AIRFLOW_CTX_TRY_NUMBER=1
AIRFLOW_CTX_DAG_RUN_ID=scheduled__2024-03-22T00:00:00+00:00
[2024-03-23T01:25:29.349+0000] {logging_mixin.py:137} INFO - 42
[2024-03-23T01:25:29.351+0000] {python.py:177} INFO - Done. Returned value was: done
[2024-03-23T01:25:29.799+0000] {taskinstance.py:1332} INFO - Marking task as SUCCESS. dag_id=parallel_dag, task_id=task_4, execution_date=20240322T000000, start_date=20240323T012520, end_date=20240323T012529
[2024-03-23T01:25:30.063+0000] {local_task_job.py:212} INFO - Task exited with return code 0
[2024-03-23T01:25:30.155+0000] {taskinstance.py:2596} INFO - 0 downstream tasks scheduled from follow-on schedule check
